0 info it worked if it ends with ok
1 verbose cli [ '/home/vlado/.nvm/versions/node/v5.1.0/bin/node',
1 verbose cli   '/home/vlado/.nvm/versions/node/v5.1.0/bin/npm',
1 verbose cli   'start' ]
2 info using npm@3.3.12
3 info using node@v5.1.0
4 verbose run-script [ 'prestart', 'start', 'poststart' ]
5 info lifecycle angular2-express-starter@1.0.0~prestart: angular2-express-starter@1.0.0
6 silly lifecycle angular2-express-starter@1.0.0~prestart: no script for prestart, continuing
7 info lifecycle angular2-express-starter@1.0.0~start: angular2-express-starter@1.0.0
8 verbose lifecycle angular2-express-starter@1.0.0~start: unsafe-perm in lifecycle true
9 verbose lifecycle angular2-express-starter@1.0.0~start: PATH: /home/vlado/.nvm/versions/node/v5.1.0/lib/node_modules/npm/bin/node-gyp-bin:/home/vlado/WebstormProjects/angular2-starter/node_modules/.bin:/home/vlado/.nvm/versions/node/v5.1.0/bin:/usr/local/heroku/bin:/home/vlado/Android/Sdk/tools:/home/vlado/Android/Sdk/platform-tools:/home/vlado/Android/Sdk:/home/vlado/Downloads/cocos2d-x-3.7.1/templates:/home/vlado/Downloads/cocos2d-x-3.7.1/tools/cocos2d-console/bin:/home/vlado/.composer/vendor/bin:/home/vlado/google-cloud-sdk/bin:/usr/local/sbin:/usr/local/bin:/usr/sbin:/usr/bin:/sbin:/bin:/usr/games:/usr/local/games:/home/vlado/Android/Sdk/tools
10 verbose lifecycle angular2-express-starter@1.0.0~start: CWD: /home/vlado/WebstormProjects/angular2-starter
11 silly lifecycle angular2-express-starter@1.0.0~start: Args: [ '-c', 'node ./server/bin/www' ]
12 silly lifecycle angular2-express-starter@1.0.0~start: Returned: code: 1  signal: null
13 info lifecycle angular2-express-starter@1.0.0~start: Failed to exec start script
14 verbose stack Error: angular2-express-starter@1.0.0 start: `node ./server/bin/www`
14 verbose stack Exit status 1
14 verbose stack     at EventEmitter.<anonymous> (/home/vlado/.nvm/versions/node/v5.1.0/lib/node_modules/npm/lib/utils/lifecycle.js:232:16)
14 verbose stack     at emitTwo (events.js:87:13)
14 verbose stack     at EventEmitter.emit (events.js:172:7)
14 verbose stack     at ChildProcess.<anonymous> (/home/vlado/.nvm/versions/node/v5.1.0/lib/node_modules/npm/lib/utils/spawn.js:24:14)
14 verbose stack     at emitTwo (events.js:87:13)
14 verbose stack     at ChildProcess.emit (events.js:172:7)
14 verbose stack     at maybeClose (internal/child_process.js:818:16)
14 verbose stack     at Process.ChildProcess._handle.onexit (internal/child_process.js:211:5)
15 verbose pkgid angular2-express-starter@1.0.0
16 verbose cwd /home/vlado/WebstormProjects/angular2-starter
17 error Linux 3.16.0-49-generic
18 error argv "/home/vlado/.nvm/versions/node/v5.1.0/bin/node" "/home/vlado/.nvm/versions/node/v5.1.0/bin/npm" "start"
19 error node v5.1.0
20 error npm  v3.3.12
21 error code ELIFECYCLE
22 error angular2-express-starter@1.0.0 start: `node ./server/bin/www`
22 error Exit status 1
23 error Failed at the angular2-express-starter@1.0.0 start script 'node ./server/bin/www'.
23 error Make sure you have the latest version of node.js and npm installed.
23 error If you do, this is most likely a problem with the angular2-express-starter package,
23 error not with npm itself.
23 error Tell the author that this fails on your system:
23 error     node ./server/bin/www
23 error You can get their info via:
23 error     npm owner ls angular2-express-starter
23 error There is likely additional logging output above.
24 verbose exit [ 1, true ]
